<?xml version="1.0" encoding="UTF-8"?>
<!-- Generated by org.testng.reporters.JUnitReportReporter -->
<testsuite skipped="0" hostname="DESKTOP-E2E3E7P" name="com.interview.test.LoginTest" tests="1" failures="0" timestamp="2022-11-23T19:37:03 IST" time="89.445" errors="0">
  <testcase name="testLogin" time="89.445" classname="com.interview.test.LoginTest"/>
  <system-out/>
</testsuite> <!-- com.interview.test.LoginTest -->
